<?xml version="1.0" encoding="UTF-8"?>
<!-- Generated by org.testng.reporters.JUnitReportReporter -->
<testsuite skipped="2" hostname="DESKTOP-JHJRVJ9" name="com.selenium.TestN" tests="3" failures="0" timestamp="2019-09-03T16:12:18 EDT" time="0.046" errors="0">
  <testcase name="Writetestcase" time="0.031" classname="com.selenium.TestN"/>
  <testcase name="Execute_test" time="0.015" classname="com.selenium.TestN">
    <skipped/>
  </testcase> <!-- Execute_test -->
  <testcase name="Defect_log" time="0.000" classname="com.selenium.TestN">
    <skipped/>
  </testcase> <!-- Defect_log -->
</testsuite> <!-- com.selenium.TestN -->
